<?xml version="1.0" encoding="UTF-8"?>
<!-- Generated by org.testng.reporters.JUnitReportReporter -->
<testsuite skipped="0" hostname="P4A-508SCNT" name="com.test.Registration_TestTest" tests="1" failures="0" timestamp="25 Jul 2018 06:47:46 GMT" time="11.234" errors="0">
  <testcase name="testregistration" time="11.234" classname="com.test.Registration_TestTest"/>
</testsuite> <!-- com.test.Registration_TestTest -->
