<?xml version="1.0" encoding="UTF-8"?>
<!-- Generated by org.testng.reporters.JUnitReportReporter -->
<testsuite skipped="0" hostname="P4A-508SCNT" name="com.test.Registration_TestTest" tests="1" failures="0" timestamp="30 Jul 2018 06:39:17 GMT" time="8.237" errors="0">
  <testcase name="testregistration" time="8.237" classname="com.test.Registration_TestTest"/>
</testsuite> <!-- com.test.Registration_TestTest -->
